<?xml version="1.0" encoding="UTF-8"?>
<testsuite name="LightTests" tests="3" skipped="0" failures="0" errors="0" timestamp="2021-04-28T22:37:35" hostname="Macbook-Pro-16-Julian.local" time="0.004">
  <properties/>
  <testcase name="testLightCanBeTurnedOnAndOff()" classname="LightTests" time="0.001"/>
  <testcase name="testLightCanBeTurnedOn()" classname="LightTests" time="0.001"/>
  <testcase name="testLightIsOffByDefault()" classname="LightTests" time="0.001"/>
  <system-out><![CDATA[]]></system-out>
  <system-err><![CDATA[]]></system-err>
</testsuite>
