<?xml version="1.0" encoding="UTF-8"?>
<testsuite name="HomeTests" tests="9" skipped="0" failures="0" errors="0" timestamp="2021-04-28T22:37:35" hostname="Macbook-Pro-16-Julian.local" time="0.046">
  <properties/>
  <testcase name="testLightsWhichHaveBeenTurnedOnAreOffAtElevenPM()" classname="HomeTests" time="0.033"/>
  <testcase name="testLightsAreOffAtElevenThirtyPM()" classname="HomeTests" time="0.001"/>
  <testcase name="testLightsAreOffAtElevenPM()" classname="HomeTests" time="0.001"/>
  <testcase name="testNewHomeHasNoLights()" classname="HomeTests" time="0.001"/>
  <testcase name="testLightsAreOffAtSevenAM()" classname="HomeTests" time="0.001"/>
  <testcase name="testLightsAreOnAtNineAM()" classname="HomeTests" time="0.001"/>
  <testcase name="testLightsCanBeAddedToHome()" classname="HomeTests" time="0.001"/>
  <testcase name="testSeveralLightsAreOffBeforeEightAM()" classname="HomeTests" time="0.001"/>
  <testcase name="testLightsAreOnAtEightAM()" classname="HomeTests" time="0.001"/>
  <system-out><![CDATA[]]></system-out>
  <system-err><![CDATA[]]></system-err>
</testsuite>
