<?xml version="1.0" encoding="UTF-8"?>
<testsuite name="UserTests" tests="4" skipped="0" failures="0" errors="0" timestamp="2021-04-28T22:37:35" hostname="Macbook-Pro-16-Julian.local" time="0.009">
  <properties/>
  <testcase name="testUserCanCancelEightAmActions()" classname="UserTests" time="0.002"/>
  <testcase name="testUserCanExist()" classname="UserTests" time="0.001"/>
  <testcase name="testUserCanCancelElevenPmActions()" classname="UserTests" time="0.001"/>
  <testcase name="testCancelledActionsAreErasedTomorrow()" classname="UserTests" time="0.001"/>
  <system-out><![CDATA[]]></system-out>
  <system-err><![CDATA[]]></system-err>
</testsuite>
